# JRE version: OpenJDK Runtime Environment (11.0.2+9) (build 11.0.2+9)
# Java VM: OpenJDK 64-Bit Server VM (11.0.2+9, mixed mode, tiered, compressed oops, g1 gc, bsd-amd64)
Heap:
 garbage-first heap   total 131072K, used 29562K [0x0000000780000000, 0x0000000800000000)
  region size 1024K, 22 young (22528K), 6 survivors (6144K)
 Metaspace       used 31298K, capacity 32093K, committed 32432K, reserved 1079296K
  class space    used 3284K, capacity 3538K, committed 3584K, reserved 1048576K
GC Heap History (8 events):
Event: 0.481 GC heap before
{Heap before GC invocations=0 (full 0):
 garbage-first heap   total 131072K, used 23552K [0x0000000780000000, 0x0000000800000000)
  region size 1024K, 24 young (24576K), 0 survivors (0K)
 Metaspace       used 12349K, capacity 12543K, committed 12928K, reserved 1060864K
  class space    used 1257K, capacity 1350K, committed 1408K, reserved 1048576K
}
Event: 0.486 GC heap after
{Heap after GC invocations=1 (full 0):
 garbage-first heap   total 131072K, used 3441K [0x0000000780000000, 0x0000000800000000)
  region size 1024K, 3 young (3072K), 3 survivors (3072K)
 Metaspace       used 12349K, capacity 12543K, committed 12928K, reserved 1060864K
  class space    used 1257K, capacity 1350K, committed 1408K, reserved 1048576K
}
Event: 1.276 GC heap before
{Heap before GC invocations=1 (full 0):
 garbage-first heap   total 131072K, used 78193K [0x0000000780000000, 0x0000000800000000)
  region size 1024K, 76 young (77824K), 3 survivors (3072K)
 Metaspace       used 20228K, capacity 20552K, committed 20736K, reserved 1067008K
  class space    used 2158K, capacity 2277K, committed 2304K, reserved 1048576K
}
Event: 1.286 GC heap after
{Heap after GC invocations=2 (full 0):
 garbage-first heap   total 131072K, used 8963K [0x0000000780000000, 0x0000000800000000)
  region size 1024K, 9 young (9216K), 9 survivors (9216K)
 Metaspace       used 20228K, capacity 20552K, committed 20736K, reserved 1067008K
  class space    used 2158K, capacity 2277K, committed 2304K, reserved 1048576K
}
Event: 1.448 GC heap before
{Heap before GC invocations=2 (full 0):
 garbage-first heap   total 131072K, used 26371K [0x0000000780000000, 0x0000000800000000)
  region size 1024K, 27 young (27648K), 9 survivors (9216K)
 Metaspace       used 20677K, capacity 20968K, committed 21296K, reserved 1069056K
  class space    used 2191K, capacity 2309K, committed 2432K, reserved 1048576K
}
Event: 1.461 GC heap after
{Heap after GC invocations=3 (full 0):
 garbage-first heap   total 131072K, used 9955K [0x0000000780000000, 0x0000000800000000)
  region size 1024K, 2 young (2048K), 2 survivors (2048K)
 Metaspace       used 20677K, capacity 20968K, committed 21296K, reserved 1069056K
  class space    used 2191K, capacity 2309K, committed 2432K, reserved 1048576K
}
Event: 2.324 GC heap before
{Heap before GC invocations=4 (full 0):
 garbage-first heap   total 131072K, used 84707K [0x0000000780000000, 0x0000000800000000)
  region size 1024K, 75 young (76800K), 2 survivors (2048K)
 Metaspace       used 28383K, capacity 29007K, committed 29360K, reserved 1075200K
  class space    used 2987K, capacity 3215K, committed 3328K, reserved 1048576K
}
Event: 2.330 GC heap after
{Heap after GC invocations=5 (full 0):
 garbage-first heap   total 131072K, used 14202K [0x0000000780000000, 0x0000000800000000)
  region size 1024K, 6 young (6144K), 6 survivors (6144K)
 Metaspace       used 28383K, capacity 29007K, committed 29360K, reserved 1075200K
  class space    used 2987K, capacity 3215K, committed 3328K, reserved 1048576K
}

